#
# There is insufficient memory for the Java Runtime Environment to continue.
# Native memory allocation (malloc) failed to allocate 262416 bytes for Chunk::new
# Possible reasons:
#   The system is out of physical RAM or swap space
#   The process is running with CompressedOops enabled, and the Java Heap may be blocking the growth of the native heap
# Possible solutions:
#   Reduce memory load on the system
#   Increase physical memory or swap space
#   Check if swap backing store is full
#   Decrease Java heap size (-Xmx/-Xms)
#   Decrease number of Java threads
#   Decrease Java thread stack sizes (-Xss)
#   Set larger code cache with -XX:ReservedCodeCacheSize=
#   JVM is running with Unscaled Compressed Oops mode in which the Java heap is
#     placed in the first 4GB address space. The Java Heap base address is the
#     maximum limit for the native heap growth. Please use -XX:HeapBaseMinAddress
#     to set the Java Heap base and to place the Java Heap above 4GB virtual address.
# This output file may be truncated or incomplete.
#
#  Out of Memory Error (allocation.cpp:389), pid=4764, tid=0x000000000000146c
#
# JRE version: Java(TM) SE Runtime Environment (8.0_241-b07) (build 1.8.0_241-b07)
# Java VM: Java HotSpot(TM) 64-Bit Server VM (25.241-b07 mixed mode windows-amd64 compressed oops)
# Failed to write core dump. Minidumps are not enabled by default on client versions of Windows
#

---------------  T H R E A D  ---------------

Current thread (0x0000000019931800):  JavaThread "C2 CompilerThread1" daemon [_thread_in_native, id=5228, stack(0x000000001a200000,0x000000001a300000)]

Stack: [0x000000001a200000,0x000000001a300000]
[error occurred during error reporting (printing stack bounds), id 0xc0000005]

Native frames: (J=compiled Java code, j=interpreted, Vv=VM code, C=native code)


Current CompileTask:
C2:   7058  898       4       sun.nio.fs.WindowsPath::relativize (223 bytes)


---------------  P R O C E S S  ---------------

Java Threads: ( => current thread )
  0x0000000019cb7800 JavaThread "Thread-1" daemon [_thread_in_native, id=7160, stack(0x000000001a800000,0x000000001a900000)]
  0x0000000019c3d800 JavaThread "pool-1-thread-1" [_thread_in_native, id=13276, stack(0x000000001a700000,0x000000001a800000)]
  0x00000000199de800 JavaThread "Service Thread" daemon [_thread_blocked, id=13500, stack(0x000000001a500000,0x000000001a600000)]
  0x000000001993b800 JavaThread "C1 CompilerThread3" daemon [_thread_blocked, id=13892, stack(0x000000001a400000,0x000000001a500000)]
  0x000000001993c800 JavaThread "C2 CompilerThread2" daemon [_thread_blocked, id=12128, stack(0x000000001a300000,0x000000001a400000)]
=>0x0000000019931800 JavaThread "C2 CompilerThread1" daemon [_thread_in_native, id=5228, stack(0x000000001a200000,0x000000001a300000)]
  0x000000001992a800 JavaThread "C2 CompilerThread0" daemon [_thread_blocked, id=3848, stack(0x000000001a100000,0x000000001a200000)]
  0x0000000019929000 JavaThread "Attach Listener" daemon [_thread_blocked, id=2240, stack(0x000000001a000000,0x000000001a100000)]
  0x0000000019927000 JavaThread "Signal Dispatcher" daemon [_thread_blocked, id=6260, stack(0x0000000019f00000,0x000000001a000000)]
  0x0000000019920800 JavaThread "Finalizer" daemon [_thread_blocked, id=12700, stack(0x0000000019d00000,0x0000000019e00000)]
  0x0000000002de9000 JavaThread "Reference Handler" daemon [_thread_blocked, id=5216, stack(0x0000000019800000,0x0000000019900000)]
  0x0000000002cee000 JavaThread "main" [_thread_in_native, id=10324, stack(0x0000000002bc0000,0x0000000002cc0000)]

Other Threads:
  0x0000000017a3a000 VMThread [stack: 0x0000000019700000,0x0000000019800000] [id=1496]
  0x00000000199e3800 WatcherThread [stack: 0x000000001a600000,0x000000001a700000] [id=6456]

VM state:not at safepoint (normal execution)

VM Mutex/Monitor currently owned by a thread: None

heap address: 0x0000000087200000, size: 1934 MB, Compressed Oops mode: 32-bit
Narrow klass base: 0x0000000000000000, Narrow klass shift: 3
Compressed class space size: 1073741824 Address: 0x0000000100000000

Heap:
 PSYoungGen      total 36352K, used 21494K [0x00000000d7b80000, 0x00000000da400000, 0x0000000100000000)
  eden space 31232K, 54% used [0x00000000d7b80000,0x00000000d8c1c830,0x00000000d9a00000)
  from space 5120K, 87% used [0x00000000d9a00000,0x00000000d9e61248,0x00000000d9f00000)
  to   space 5120K, 0% used [0x00000000d9f00000,0x00000000d9f00000,0x00000000da400000)
 ParOldGen       total 83456K, used 16K [0x0000000087200000, 0x000000008c380000, 0x00000000d7b80000)
  object space 83456K, 0% used [0x0000000087200000,0x0000000087204000,0x000000008c380000)
 Metaspace       used 7284K, capacity 7446K, committed 7680K, reserved 1056768K
  class space    used 858K, capacity 923K, committed 1024K, reserved 1048576K

Card table byte_map: [0x00000000121b0000,0x0000000012580000] byte_map_base: 0x0000000011d77000

Marking Bits: (ParMarkBitMap*) 0x000000006135be30
 Begin Bits: [0x0000000013010000, 0x0000000014e48000)
 End Bits:   [0x0000000014e48000, 0x0000000016c80000)

Polling page: 0x0000000001210000

CodeCache: size=245760Kb used=3183Kb max_used=3184Kb free=242576Kb
 bounds [0x0000000002df0000, 0x0000000003120000, 0x0000000011df0000]
 total_blobs=1214 nmethods=897 adapters=231
 compilation: enabled

Compilation events (10 events):
Event: 6.834 Thread 0x000000001993c800 nmethod 891 0x000000000310b210 code [0x000000000310b3c0, 0x000000000310bbe8]
Event: 6.866 Thread 0x000000001992a800  894       4       java.util.regex.Matcher::group (112 bytes)
Event: 6.866 Thread 0x000000001993b800  895       3       java.lang.Long::toString (129 bytes)
Event: 6.867 Thread 0x000000001993b800 nmethod 895 0x000000000310a710 code [0x000000000310a8c0, 0x000000000310aef8]
Event: 6.876 Thread 0x000000001992a800 nmethod 894 0x00000000031083d0 code [0x0000000003108560, 0x0000000003108af8]
Event: 6.953 Thread 0x000000001993b800  896       3       java.util.Formatter$FormatSpecifier::printString (105 bytes)
Event: 6.954 Thread 0x000000001993b800 nmethod 896 0x000000000310e510 code [0x000000000310e800, 0x000000000310fc28]
Event: 6.954 Thread 0x000000001993b800  897       3       java.util.Formatter$FormatSpecifier::print (66 bytes)
Event: 6.955 Thread 0x000000001993b800 nmethod 897 0x0000000003109a10 code [0x0000000003109be0, 0x000000000310a3d8]
Event: 7.005 Thread 0x0000000019931800  898       4       sun.nio.fs.WindowsPath::relativize (223 bytes)

GC Heap History (2 events):
Event: 4.628 GC heap before
{Heap before GC invocations=1 (full 0):
 PSYoungGen      total 36352K, used 31232K [0x00000000d7b80000, 0x00000000da400000, 0x0000000100000000)
  eden space 31232K, 100% used [0x00000000d7b80000,0x00000000d9a00000,0x00000000d9a00000)
  from space 5120K, 0% used [0x00000000d9f00000,0x00000000d9f00000,0x00000000da400000)
  to   space 5120K, 0% used [0x00000000d9a00000,0x00000000d9a00000,0x00000000d9f00000)
 ParOldGen       total 83456K, used 0K [0x0000000087200000, 0x000000008c380000, 0x00000000d7b80000)
  object space 83456K, 0% used [0x0000000087200000,0x0000000087200000,0x000000008c380000)
 Metaspace       used 7245K, capacity 7446K, committed 7680K, reserved 1056768K
  class space    used 858K, capacity 923K, committed 1024K, reserved 1048576K
Event: 4.641 GC heap after
Heap after GC invocations=1 (full 0):
 PSYoungGen      total 36352K, used 4484K [0x00000000d7b80000, 0x00000000da400000, 0x0000000100000000)
  eden space 31232K, 0% used [0x00000000d7b80000,0x00000000d7b80000,0x00000000d9a00000)
  from space 5120K, 87% used [0x00000000d9a00000,0x00000000d9e61248,0x00000000d9f00000)
  to   space 5120K, 0% used [0x00000000d9f00000,0x00000000d9f00000,0x00000000da400000)
 ParOldGen       total 83456K, used 16K [0x0000000087200000, 0x000000008c380000, 0x00000000d7b80000)
  object space 83456K, 0% used [0x0000000087200000,0x0000000087204000,0x000000008c380000)
 Metaspace       used 7245K, capacity 7446K, committed 7680K, reserved 1056768K
  class space    used 858K, capacity 923K, committed 1024K, reserved 1048576K
}

Deoptimization events (10 events):
Event: 3.022 Thread 0x0000000019c3d800 Uncommon trap: reason=unstable_if action=reinterpret pc=0x0000000003037fc0 method=java.util.regex.Matcher.match(II)Z @ 91
Event: 3.022 Thread 0x0000000019c3d800 Uncommon trap: reason=class_check action=maybe_recompile pc=0x000000000303b400 method=java.util.regex.Pattern$CharProperty.match(Ljava/util/regex/Matcher;ILjava/lang/CharSequence;)Z @ 18
Event: 3.023 Thread 0x0000000019c3d800 Uncommon trap: reason=class_check action=maybe_recompile pc=0x000000000303b400 method=java.util.regex.Pattern$CharProperty.match(Ljava/util/regex/Matcher;ILjava/lang/CharSequence;)Z @ 18
Event: 3.023 Thread 0x0000000019c3d800 Uncommon trap: reason=class_check action=maybe_recompile pc=0x000000000303b400 method=java.util.regex.Pattern$CharProperty.match(Ljava/util/regex/Matcher;ILjava/lang/CharSequence;)Z @ 18
Event: 3.023 Thread 0x0000000019c3d800 Uncommon trap: reason=class_check action=maybe_recompile pc=0x000000000303b400 method=java.util.regex.Pattern$CharProperty.match(Ljava/util/regex/Matcher;ILjava/lang/CharSequence;)Z @ 18
Event: 3.028 Thread 0x0000000019c3d800 Uncommon trap: reason=bimorphic action=maybe_recompile pc=0x0000000003071fb0 method=java.util.regex.Pattern$Curly.match0(Ljava/util/regex/Matcher;IILjava/lang/CharSequence;)Z @ 141
Event: 3.052 Thread 0x0000000019c3d800 Uncommon trap: reason=bimorphic action=maybe_recompile pc=0x0000000003071fb0 method=java.util.regex.Pattern$Curly.match0(Ljava/util/regex/Matcher;IILjava/lang/CharSequence;)Z @ 141
Event: 3.064 Thread 0x0000000019c3d800 Uncommon trap: reason=bimorphic action=maybe_recompile pc=0x0000000003071fb0 method=java.util.regex.Pattern$Curly.match0(Ljava/util/regex/Matcher;IILjava/lang/CharSequence;)Z @ 141
Event: 4.407 Thread 0x0000000019cb7800 Uncommon trap: reason=bimorphic action=maybe_recompile pc=0x00000000030a1f74 method=java.util.HashMap.putVal(ILjava/lang/Object;Ljava/lang/Object;ZZ)Ljava/lang/Object; @ 91
Event: 6.091 Thread 0x0000000019cb7800 Uncommon trap: reason=bimorphic action=maybe_recompile pc=0x00000000030a1f74 method=java.util.HashMap.putVal(ILjava/lang/Object;Ljava/lang/Object;ZZ)Ljava/lang/Object; @ 91

Classes redefined (0 events):
No events

Internal exceptions (10 events):
Event: 0.436 Thread 0x0000000019c3d800 Exception <a 'java/security/PrivilegedActionException'> (0x00000000d8083a68) thrown at [C:\ade\jenkins\workspace\8-2-build-windows-amd64-cygwin\jdk8u241\331\hotspot\src\share\vm\prims\jvm.cpp, line 1502]
Event: 0.436 Thread 0x0000000019c3d800 Exception <a 'java/security/PrivilegedActionException'> (0x00000000d8083c78) thrown at [C:\ade\jenkins\workspace\8-2-build-windows-amd64-cygwin\jdk8u241\331\hotspot\src\share\vm\prims\jvm.cpp, line 1502]
Event: 0.438 Thread 0x0000000019c3d800 Exception <a 'java/security/PrivilegedActionException'> (0x00000000d8087ad0) thrown at [C:\ade\jenkins\workspace\8-2-build-windows-amd64-cygwin\jdk8u241\331\hotspot\src\share\vm\prims\jvm.cpp, line 1502]
Event: 0.438 Thread 0x0000000019c3d800 Exception <a 'java/security/PrivilegedActionException'> (0x00000000d8087ce0) thrown at [C:\ade\jenkins\workspace\8-2-build-windows-amd64-cygwin\jdk8u241\331\hotspot\src\share\vm\prims\jvm.cpp, line 1502]
Event: 0.472 Thread 0x0000000019c3d800 Exception <a 'java/lang/ArrayIndexOutOfBoundsException'> (0x00000000d80e9378) thrown at [C:\ade\jenkins\workspace\8-2-build-windows-amd64-cygwin\jdk8u241\331\hotspot\src\share\vm\runtime\sharedRuntime.cpp, line 605]
Event: 0.474 Thread 0x0000000019c3d800 Exception <a 'java/lang/ArrayIndexOutOfBoundsException'> (0x00000000d80efe68) thrown at [C:\ade\jenkins\workspace\8-2-build-windows-amd64-cygwin\jdk8u241\331\hotspot\src\share\vm\runtime\sharedRuntime.cpp, line 605]
Event: 0.485 Thread 0x0000000019c3d800 Exception <a 'java/lang/ArrayIndexOutOfBoundsException'> (0x00000000d8117dc0) thrown at [C:\ade\jenkins\workspace\8-2-build-windows-amd64-cygwin\jdk8u241\331\hotspot\src\share\vm\runtime\sharedRuntime.cpp, line 605]
Event: 0.581 Thread 0x0000000019c3d800 Exception <a 'sun/nio/fs/WindowsException'> (0x00000000d81a5788) thrown at [C:\ade\jenkins\workspace\8-2-build-windows-amd64-cygwin\jdk8u241\331\hotspot\src\share\vm\prims\jni.cpp, line 710]
Event: 0.706 Thread 0x0000000019c3d800 Exception <a 'java/lang/NoSuchFieldError': method resolution failed> (0x00000000d837d080) thrown at [C:\ade\jenkins\workspace\8-2-build-windows-amd64-cygwin\jdk8u241\331\hotspot\src\share\vm\prims\methodHandles.cpp, line 1167]
Event: 0.711 Thread 0x0000000019c3d800 Exception <a 'java/lang/NoSuchFieldError': method resolution failed> (0x00000000d838a740) thrown at [C:\ade\jenkins\workspace\8-2-build-windows-amd64-cygwin\jdk8u241\331\hotspot\src\share\vm\prims\methodHandles.cpp, line 1167]

Events (10 events):
Event: 4.336 Executing VM operation: BulkRevokeBias
Event: 4.337 Executing VM operation: BulkRevokeBias done
Event: 4.407 Thread 0x0000000019cb7800 Uncommon trap: trap_request=0xffffffc6 fr.pc=0x00000000030a1f74
Event: 4.407 Thread 0x0000000019cb7800 DEOPT PACKING pc=0x00000000030a1f74 sp=0x000000001a8fee90
Event: 4.407 Thread 0x0000000019cb7800 DEOPT UNPACKING pc=0x0000000002e3583b sp=0x000000001a8feda0 mode 2
Event: 4.628 Executing VM operation: ParallelGCFailedAllocation
Event: 4.641 Executing VM operation: ParallelGCFailedAllocation done
Event: 6.091 Thread 0x0000000019cb7800 Uncommon trap: trap_request=0xffffffc6 fr.pc=0x00000000030a1f74
Event: 6.091 Thread 0x0000000019cb7800 DEOPT PACKING pc=0x00000000030a1f74 sp=0x000000001a8fee90
Event: 6.091 Thread 0x0000000019cb7800 DEOPT UNPACKING pc=0x0000000002e3583b sp=0x000000001a8feda0 mode 2


Dynamic libraries:
0x00007ff789a30000 - 0x00007ff789a67000 	C:\Program Files (x86)\Common Files\Oracle\Java\javapath\java.exe
0x00007ffaed790000 - 0x00007ffaed985000 	C:\WINDOWS\SYSTEM32\ntdll.dll
0x00007ffaec060000 - 0x00007ffaec11d000 	C:\WINDOWS\System32\KERNEL32.DLL
0x00007ffaeb520000 - 0x00007ffaeb7e9000 	C:\WINDOWS\System32\KERNELBASE.dll
0x00007ffaebfb0000 - 0x00007ffaec05c000 	C:\WINDOWS\System32\ADVAPI32.dll
0x00007ffaecee0000 - 0x00007ffaecf7e000 	C:\WINDOWS\System32\msvcrt.dll
0x00007ffaec120000 - 0x00007ffaec1bc000 	C:\WINDOWS\System32\sechost.dll
0x00007ffaecf80000 - 0x00007ffaed0ab000 	C:\WINDOWS\System32\RPCRT4.dll
0x00007ffaec400000 - 0x00007ffaec5a0000 	C:\WINDOWS\System32\USER32.dll
0x00007ffaeb4a0000 - 0x00007ffaeb4c2000 	C:\WINDOWS\System32\win32u.dll
0x00007ffaec1c0000 - 0x00007ffaec1ea000 	C:\WINDOWS\System32\GDI32.dll
0x00007ffaeb060000 - 0x00007ffaeb16b000 	C:\WINDOWS\System32\gdi32full.dll
0x00007ffaeb400000 - 0x00007ffaeb49d000 	C:\WINDOWS\System32\msvcp_win.dll
0x00007ffaeb170000 - 0x00007ffaeb270000 	C:\WINDOWS\System32\ucrtbase.dll
0x00007ffadb570000 - 0x00007ffadb80a000 	C:\WINDOWS\WinSxS\amd64_microsoft.windows.common-controls_6595b64144ccf1df_6.0.19041.844_none_ca00b6081b84eb1d\COMCTL32.dll
0x00007ffaeb830000 - 0x00007ffaeb860000 	C:\WINDOWS\System32\IMM32.DLL
0x00000000613e0000 - 0x00000000614b2000 	C:\Program Files\Java\jre1.8.0_241\bin\msvcr100.dll
0x0000000060b30000 - 0x00000000613dc000 	C:\Program Files\Java\jre1.8.0_241\bin\server\jvm.dll
0x00007ffaeb7f0000 - 0x00007ffaeb7f8000 	C:\WINDOWS\System32\PSAPI.DLL
0x00007ffae1aa0000 - 0x00007ffae1ac7000 	C:\WINDOWS\SYSTEM32\WINMM.dll
0x00007ffae2c70000 - 0x00007ffae2c7a000 	C:\WINDOWS\SYSTEM32\VERSION.dll
0x00007ffad59a0000 - 0x00007ffad59a9000 	C:\WINDOWS\SYSTEM32\WSOCK32.dll
0x00007ffaece70000 - 0x00007ffaecedb000 	C:\WINDOWS\System32\WS2_32.dll
0x00007ffae6740000 - 0x00007ffae674f000 	C:\Program Files\Java\jre1.8.0_241\bin\verify.dll
0x00007ffad9410000 - 0x00007ffad9439000 	C:\Program Files\Java\jre1.8.0_241\bin\java.dll
0x00007ffadaf90000 - 0x00007ffadafa6000 	C:\Program Files\Java\jre1.8.0_241\bin\zip.dll
0x00007ffaeb860000 - 0x00007ffaebfa2000 	C:\WINDOWS\System32\SHELL32.dll
0x00007ffae8ea0000 - 0x00007ffae9630000 	C:\WINDOWS\SYSTEM32\windows.storage.dll
0x00007ffaed240000 - 0x00007ffaed595000 	C:\WINDOWS\System32\combase.dll
0x00007ffaea8d0000 - 0x00007ffaea8fc000 	C:\WINDOWS\SYSTEM32\Wldp.dll
0x00007ffaed0b0000 - 0x00007ffaed15e000 	C:\WINDOWS\System32\SHCORE.dll
0x00007ffaece10000 - 0x00007ffaece65000 	C:\WINDOWS\System32\shlwapi.dll
0x00007ffaeae10000 - 0x00007ffaeae2f000 	C:\WINDOWS\SYSTEM32\profapi.dll
0x00007ffad93f0000 - 0x00007ffad940a000 	C:\Program Files\Java\jre1.8.0_241\bin\net.dll
0x00007ffaea5f0000 - 0x00007ffaea65a000 	C:\WINDOWS\system32\mswsock.dll
0x00007ffad09a0000 - 0x00007ffad09b2000 	C:\Program Files\Java\jre1.8.0_241\bin\nio.dll

VM Arguments:
java_command: c:\Users\FUAT\.vscode\extensions\tigersoldier.javacomp-vscode-1.1.0\jar\JavaComp.jar
java_class_path (initial): c:\Users\FUAT\.vscode\extensions\tigersoldier.javacomp-vscode-1.1.0\jar\JavaComp.jar
Launcher Type: SUN_STANDARD

Environment Variables:
PATH=C:\Program Files (x86)\Falcon\MinGW\bin;C:\Program Files\Microsoft MPI\Bin\;C:\Program Files (x86)\Common Files\Oracle\Java\javapath;C:\WINDOWS\system32;C:\WINDOWS;C:\WINDOWS\System32\Wbem;C:\WINDOWS\System32\WindowsPowerShell\v1.0\;C:\Program Files\Microsoft SQL Server\Client SDK\ODBC\130\Tools\Binn\;C:\Program Files (x86)\Microsoft SQL Server\140\Tools\Binn\;C:\Program Files\Microsoft SQL Server\140\Tools\Binn\;C:\Program Files\Microsoft SQL Server\140\DTS\Binn\;C:\Program Files (x86)\Microsoft SQL Server\140\DTS\Binn\;C:\WINDOWS\System32\OpenSSH\;C:\xampp\php;C:\Program Files\dotnet\;C:\Program Files\Microsoft SQL Server\130\Tools\Binn\;C:\Program Files (x86)\Microsoft SQL Server\110\DTS\Binn\;C:\Program Files (x86)\Microsoft SQL Server\120\DTS\Binn\;C:\Program Files (x86)\Microsoft SQL Server\130\DTS\Binn\;C:\Program Files (x86)\Microsoft SQL Server\150\DTS\Binn\;C:\Program Files\Git\cmd;C:\Program Files\MongoDB\Server\4.4\bin;C:\Users\FUAT\AppData\Roaming\nvm;C:\Program Files\nodejs;C:\Users\FUAT\AppData\Local\Microsoft\WindowsApps;C:\Users\FUAT\AppData\Local\Programs\Microsoft VS Code\bin;C:\Program Files\Java\jdk-11.0.2\bin;C:\flutter\bin;C:\Users\FUAT\AppData\Roaming\npm;C:\Users\FUAT\AppData\Roaming\nvm;C:\Program Files\nodejs;C:\Users\FUAT\AppData\Local\Microsoft\WindowsApps;
USERNAME=FUAT
OS=Windows_NT
PROCESSOR_IDENTIFIER=AMD64 Family 23 Model 17 Stepping 0, AuthenticAMD



---------------  S Y S T E M  ---------------

OS: Windows 10.0 , 64 bit Build 19041 (10.0.19041.804)

CPU:total 8 (initial active 8) (8 cores per cpu, 1 threads per core) family 23 model 17 stepping 0, cmov, cx8, fxsr, mmx, sse, sse2, sse3, ssse3, sse4.1, sse4.2, popcnt, avx, avx2, aes, clmul, mmxext, 3dnowpref, lzcnt, sse4a, tsc, tscinvbit, tscinv, bmi1

Memory: 4k page, physical 7920208k(968720k free), swap 7920208k(5136k free)

vm_info: Java HotSpot(TM) 64-Bit Server VM (25.241-b07) for windows-amd64 JRE (1.8.0_241-b07), built on Dec 11 2019 10:21:40 by "rejava" with MS VC++ 10.0 (VS2010)

time: Thu Apr 08 20:46:12 2021
timezone: Romance Daylight Time
elapsed time: 7 seconds (0d 0h 0m 7s)

